<?xml version="1.0" encoding="UTF-8"?>
<testng-results skipped="0" failed="0" ignored="0" total="1" passed="1">
  <reporter-output>
  </reporter-output>
  <suite name="Suite" duration-ms="31850" started-at="2022-03-26T23:34:04 IST" finished-at="2022-03-26T23:34:36 IST">
    <groups>
    </groups>
    <test name="Test" duration-ms="31850" started-at="2022-03-26T23:34:04 IST" finished-at="2022-03-26T23:34:36 IST">
      <class name="chrome.Login">
        <test-method status="PASS" signature="loginToLeafTaps()[pri:0, instance:chrome.Login@1d29cf23]" name="loginToLeafTaps" duration-ms="31667" started-at="2022-03-26T23:34:04 IST" finished-at="2022-03-26T23:34:36 IST">
          <reporter-output>
          </reporter-output>
        </test-method> <!-- loginToLeafTaps -->
      </class> <!-- chrome.Login -->
    </test> <!-- Test -->
  </suite> <!-- Suite -->
</testng-results>
